[20231221 09:42:15:562][INFO ][com.example.demo.DemoApplication] Starting DemoApplication using Java 21.0.1 with PID 5868 (C:\Users\박경구\IdeaProjects\html-java\target\classes started by Parkgeyonggu in C:\Users\박경구\IdeaProjects\html-java)
[20231221 09:42:15:563][INFO ][com.example.demo.DemoApplication] No active profile set, falling back to 1 default profile: "default"
[20231221 09:42:15:594][INFO ][o.s.b.d.e.DevToolsPropertyDefaultsPostProcessor] Devtools property defaults active! Set 'spring.devtools.add-properties' to 'false' to disable
[20231221 09:42:15:595][INFO ][o.s.b.d.e.DevToolsPropertyDefaultsPostProcessor] For additional web related logging consider setting the 'logging.level.web' property to 'DEBUG'
[20231221 09:42:17:530][INFO ][o.s.b.w.embedded.tomcat.TomcatWebServer] Tomcat initialized with port 4242 (http)
[20231221 09:42:17:545][INFO ][o.apache.coyote.http11.Http11NioProtocol] Initializing ProtocolHandler ["http-nio-4242"]
[20231221 09:42:17:548][INFO ][o.apache.catalina.core.StandardService] Starting service [Tomcat]
[20231221 09:42:17:549][INFO ][org.apache.catalina.core.StandardEngine] Starting Servlet engine: [Apache Tomcat/10.1.16]
[20231221 09:42:17:675][INFO ][o.a.c.c.C.[Tomcat].[localhost].[/]] Initializing Spring embedded WebApplicationContext
[20231221 09:42:17:676][INFO ][o.s.b.w.s.c.ServletWebServerApplicationContext] Root WebApplicationContext: initialization completed in 2081 ms
[20231221 09:42:18:409][INFO ][o.s.b.d.a.OptionalLiveReloadServer] LiveReload server is running on port 35729
[20231221 09:42:18:426][INFO ][o.apache.coyote.http11.Http11NioProtocol] Starting ProtocolHandler ["http-nio-4242"]
[20231221 09:42:18:448][INFO ][o.s.b.w.embedded.tomcat.TomcatWebServer] Tomcat started on port 4242 (http) with context path ''
[20231221 09:42:18:455][INFO ][com.example.demo.DemoApplication] Started DemoApplication in 3.365 seconds (process running for 3.982)
[20231221 09:42:32:447][INFO ][o.a.c.c.C.[Tomcat].[localhost].[/]] Initializing Spring DispatcherServlet 'dispatcherServlet'
[20231221 09:42:32:448][INFO ][o.s.web.servlet.DispatcherServlet] Initializing Servlet 'dispatcherServlet'
[20231221 09:42:32:450][INFO ][o.s.web.servlet.DispatcherServlet] Completed initialization in 2 ms
[20231221 09:47:01:175][INFO ][com.example.demo.DemoApplication] Starting DemoApplication using Java 21.0.1 with PID 9752 (C:\Users\박경구\IdeaProjects\html-java\target\classes started by Parkgeyonggu in C:\Users\박경구\IdeaProjects\html-java)
[20231221 09:47:01:178][INFO ][com.example.demo.DemoApplication] No active profile set, falling back to 1 default profile: "default"
[20231221 09:47:01:257][INFO ][o.s.b.d.e.DevToolsPropertyDefaultsPostProcessor] Devtools property defaults active! Set 'spring.devtools.add-properties' to 'false' to disable
[20231221 09:47:01:257][INFO ][o.s.b.d.e.DevToolsPropertyDefaultsPostProcessor] For additional web related logging consider setting the 'logging.level.web' property to 'DEBUG'
[20231221 09:47:02:773][INFO ][o.s.b.w.embedded.tomcat.TomcatWebServer] Tomcat initialized with port 4242 (http)
[20231221 09:47:02:781][INFO ][o.apache.coyote.http11.Http11NioProtocol] Initializing ProtocolHandler ["http-nio-4242"]
[20231221 09:47:02:783][INFO ][o.apache.catalina.core.StandardService] Starting service [Tomcat]
[20231221 09:47:02:783][INFO ][org.apache.catalina.core.StandardEngine] Starting Servlet engine: [Apache Tomcat/10.1.16]
[20231221 09:47:02:863][INFO ][o.a.c.c.C.[Tomcat].[localhost].[/]] Initializing Spring embedded WebApplicationContext
[20231221 09:47:02:864][INFO ][o.s.b.w.s.c.ServletWebServerApplicationContext] Root WebApplicationContext: initialization completed in 1606 ms
[20231221 09:47:03:345][INFO ][o.s.b.d.a.OptionalLiveReloadServer] LiveReload server is running on port 35729
[20231221 09:47:03:365][INFO ][o.apache.coyote.http11.Http11NioProtocol] Starting ProtocolHandler ["http-nio-4242"]
[20231221 09:47:03:389][INFO ][o.s.b.w.embedded.tomcat.TomcatWebServer] Tomcat started on port 4242 (http) with context path ''
[20231221 09:47:03:397][INFO ][com.example.demo.DemoApplication] Started DemoApplication in 2.98 seconds (process running for 3.751)
[20231221 09:47:17:020][INFO ][o.a.c.c.C.[Tomcat].[localhost].[/]] Initializing Spring DispatcherServlet 'dispatcherServlet'
[20231221 09:47:17:021][INFO ][o.s.web.servlet.DispatcherServlet] Initializing Servlet 'dispatcherServlet'
[20231221 09:47:17:022][INFO ][o.s.web.servlet.DispatcherServlet] Completed initialization in 1 ms
